[     357ms] [ERROR] The result of getSnapshot should be cached to avoid an infinite loop @ http://localhost:3100/node_modules/.vite/deps/chunk-C22KKSJL.js?v=f61fe82f:5733
[     416ms] Error: Maximum update depth exceeded. This can happen when a component repeatedly calls setState inside componentWillUpdate or componentDidUpdate. React limits the number of nested updates to prevent infinite loops.
    at getRootForUpdatedFiber (http://localhost:3100/node_modules/.vite/deps/chunk-C22KKSJL.js?v=f61fe82f:3258:128)
    at enqueueConcurrentRenderForLane (http://localhost:3100/node_modules/.vite/deps/chunk-C22KKSJL.js?v=f61fe82f:3246:16)
    at forceStoreRerender (http://localhost:3100/node_modules/.vite/deps/chunk-C22KKSJL.js?v=f61fe82f:5836:21)
    at updateStoreInstance (http://localhost:3100/node_modules/.vite/deps/chunk-C22KKSJL.js?v=f61fe82f:5818:41)
    at Object.react_stack_bottom_frame (http://localhost:3100/node_modules/.vite/deps/chunk-C22KKSJL.js?v=f61fe82f:18299:20)
    at runWithFiberInDEV (http://localhost:3100/node_modules/.vite/deps/chunk-C22KKSJL.js?v=f61fe82f:729:72)
    at commitHookEffectListMount (http://localhost:3100/node_modules/.vite/deps/chunk-C22KKSJL.js?v=f61fe82f:9143:163)
    at commitHookPassiveMountEffects (http://localhost:3100/node_modules/.vite/deps/chunk-C22KKSJL.js?v=f61fe82f:9197:60)
    at commitPassiveMountOnFiber (http://localhost:3100/node_modules/.vite/deps/chunk-C22KKSJL.js?v=f61fe82f:10772:29)
    at recursivelyTraversePassiveMountEffects (http://localhost:3100/node_modules/.vite/deps/chunk-C22KKSJL.js?v=f61fe82f:10742:13)
[     414ms] [WARNING] %s

%s
 An error occurred in the <CommandLogPanel> component. Consider adding an error boundary to your tree to customize error handling behavior.
Visit https://react.dev/link/error-boundaries to learn more about error boundaries. @ http://localhost:3100/node_modules/.vite/deps/chunk-C22KKSJL.js?v=f61fe82f:6697
[     414ms] [WARNING] WebSocket connection to 'ws://localhost:8080/' failed: WebSocket is closed before the connection is established. @ http://localhost:3100/src/hooks/use-orchestrator-ws.ts:181
[     434ms] [WARNING] [procedural-layout] "ops-control" overlaps with "corridor-main" on floor 1 — rooms may visually intersect @ http://localhost:3100/src/hooks/use-room-loader.ts:18
[     434ms] [WARNING] [validateDistinctCells] "corridor-main" and "ops-control" share space on floor 1 @ http://localhost:3100/src/hooks/use-room-loader.ts:27
[    2700ms] [ERROR] Failed to load resource: net::ERR_CONNECTION_REFUSED @ http://localhost:8081/api/topology/links:0
[   75213ms] [ERROR] Failed to load resource: the server responded with a status of 500 (Internal Server Error) @ http://localhost:3100/src/App.tsx?t=1774484319940:0
[   75214ms] [ERROR] [vite] Failed to reload /src/App.tsx. This could be due to syntax errors or importing non-existent modules. (see errors above) @ http://localhost:3100/@vite/client:881
[  106221ms] [ERROR] %o

%s

%s
 Error: Maximum update depth exceeded. This can happen when a component repeatedly calls setState inside componentWillUpdate or componentDidUpdate. React limits the number of nested updates to prevent infinite loops.
    at getRootForUpdatedFiber (http://localhost:3100/node_modules/.vite/deps/chunk-C22KKSJL.js?v=f61fe82f:3258:128)
    at enqueueConcurrentRenderForLane (http://localhost:3100/node_modules/.vite/deps/chunk-C22KKSJL.js?v=f61fe82f:3246:16)
    at forceStoreRerender (http://localhost:3100/node_modules/.vite/deps/chunk-C22KKSJL.js?v=f61fe82f:5836:21)
    at updateStoreInstance (http://localhost:3100/node_modules/.vite/deps/chunk-C22KKSJL.js?v=f61fe82f:5818:41)
    at Object.react_stack_bottom_frame (http://localhost:3100/node_modules/.vite/deps/chunk-C22KKSJL.js?v=f61fe82f:18299:20)
    at runWithFiberInDEV (http://localhost:3100/node_modules/.vite/deps/chunk-C22KKSJL.js?v=f61fe82f:729:72)
    at commitHookEffectListMount (http://localhost:3100/node_modules/.vite/deps/chunk-C22KKSJL.js?v=f61fe82f:9143:163)
    at commitHookPassiveMountEffects (http://localhost:3100/node_modules/.vite/deps/chunk-C22KKSJL.js?v=f61fe82f:9197:60)
    at commitPassiveMountOnFiber (http://localhost:3100/node_modules/.vite/deps/chunk-C22KKSJL.js?v=f61fe82f:10772:29)
    at recursivelyTraversePassiveMountEffects (http://localhost:3100/node_modules/.vite/deps/chunk-C22KKSJL.js?v=f61fe82f:10742:13) The above error occurred in the <CommandLogPanel> component. React will try to recreate this component tree from scratch using the error boundary you provided, SceneErrorBoundary. @ http://localhost:3100/node_modules/.vite/deps/chunk-C22KKSJL.js?v=f61fe82f:6732
[  106221ms] [ERROR] [SceneErrorBoundary] Error: Maximum update depth exceeded. This can happen when a component repeatedly calls setState inside componentWillUpdate or componentDidUpdate. React limits the number of nested updates to prevent infinite loops.
    at getRootForUpdatedFiber (http://localhost:3100/node_modules/.vite/deps/chunk-C22KKSJL.js?v=f61fe82f:3258:128)
    at enqueueConcurrentRenderForLane (http://localhost:3100/node_modules/.vite/deps/chunk-C22KKSJL.js?v=f61fe82f:3246:16)
    at forceStoreRerender (http://localhost:3100/node_modules/.vite/deps/chunk-C22KKSJL.js?v=f61fe82f:5836:21)
    at updateStoreInstance (http://localhost:3100/node_modules/.vite/deps/chunk-C22KKSJL.js?v=f61fe82f:5818:41)
    at Object.react_stack_bottom_frame (http://localhost:3100/node_modules/.vite/deps/chunk-C22KKSJL.js?v=f61fe82f:18299:20)
    at runWithFiberInDEV (http://localhost:3100/node_modules/.vite/deps/chunk-C22KKSJL.js?v=f61fe82f:729:72)
    at commitHookEffectListMount (http://localhost:3100/node_modules/.vite/deps/chunk-C22KKSJL.js?v=f61fe82f:9143:163)
    at commitHookPassiveMountEffects (http://localhost:3100/node_modules/.vite/deps/chunk-C22KKSJL.js?v=f61fe82f:9197:60)
    at commitPassiveMountOnFiber (http://localhost:3100/node_modules/.vite/deps/chunk-C22KKSJL.js?v=f61fe82f:10772:29)
    at recursivelyTraversePassiveMountEffects (http://localhost:3100/node_modules/.vite/deps/chunk-C22KKSJL.js?v=f61fe82f:10742:13) 
    at CommandLogPanel (http://localhost:3100/src/components/CommandLogPanel.tsx:288:3)
    at div (<anonymous>)
    at TaskGroupsBootstrap (http://localhost:3100/src/hooks/task-groups-bootstrap.tsx:34:39)
    at SceneErrorBoundary (http://localhost:3100/src/App.tsx?t=1774484350852:20:1)
    at ActionDispatcherProvider (http://localhost:3100/src/components/ActionDispatcherProvider.tsx:23:3)
    at App (http://localhost:3100/src/App.tsx?t=1774484350852:95:24) @ http://localhost:3100/src/App.tsx?t=1774484350852:25
[  106222ms] [WARNING] WebSocket connection to 'ws://localhost:8080/' failed: WebSocket is closed before the connection is established. @ http://localhost:3100/src/hooks/use-orchestrator-ws.ts:181
[  106237ms] [WARNING] [procedural-layout] "ops-control" overlaps with "corridor-main" on floor 1 — rooms may visually intersect @ http://localhost:3100/src/hooks/use-room-loader.ts:18
[  106237ms] [WARNING] [validateDistinctCells] "corridor-main" and "ops-control" share space on floor 1 @ http://localhost:3100/src/hooks/use-room-loader.ts:27
[  108532ms] [ERROR] Failed to load resource: net::ERR_CONNECTION_REFUSED @ http://localhost:8081/api/topology/links:0
[  117904ms] [ERROR] %o

%s

%s
 Error: Maximum update depth exceeded. This can happen when a component repeatedly calls setState inside componentWillUpdate or componentDidUpdate. React limits the number of nested updates to prevent infinite loops.
    at getRootForUpdatedFiber (http://localhost:3100/node_modules/.vite/deps/chunk-C22KKSJL.js?v=f61fe82f:3258:128)
    at enqueueConcurrentRenderForLane (http://localhost:3100/node_modules/.vite/deps/chunk-C22KKSJL.js?v=f61fe82f:3246:16)
    at forceStoreRerender (http://localhost:3100/node_modules/.vite/deps/chunk-C22KKSJL.js?v=f61fe82f:5836:21)
    at updateStoreInstance (http://localhost:3100/node_modules/.vite/deps/chunk-C22KKSJL.js?v=f61fe82f:5818:41)
    at Object.react_stack_bottom_frame (http://localhost:3100/node_modules/.vite/deps/chunk-C22KKSJL.js?v=f61fe82f:18299:20)
    at runWithFiberInDEV (http://localhost:3100/node_modules/.vite/deps/chunk-C22KKSJL.js?v=f61fe82f:729:72)
    at commitHookEffectListMount (http://localhost:3100/node_modules/.vite/deps/chunk-C22KKSJL.js?v=f61fe82f:9143:163)
    at commitHookPassiveMountEffects (http://localhost:3100/node_modules/.vite/deps/chunk-C22KKSJL.js?v=f61fe82f:9197:60)
    at commitPassiveMountOnFiber (http://localhost:3100/node_modules/.vite/deps/chunk-C22KKSJL.js?v=f61fe82f:10772:29)
    at recursivelyTraversePassiveMountEffects (http://localhost:3100/node_modules/.vite/deps/chunk-C22KKSJL.js?v=f61fe82f:10742:13) The above error occurred in the <CommandLogPanel> component. React will try to recreate this component tree from scratch using the error boundary you provided, SceneErrorBoundary. @ http://localhost:3100/node_modules/.vite/deps/chunk-C22KKSJL.js?v=f61fe82f:6732
[  117904ms] [ERROR] [SceneErrorBoundary] Error: Maximum update depth exceeded. This can happen when a component repeatedly calls setState inside componentWillUpdate or componentDidUpdate. React limits the number of nested updates to prevent infinite loops.
    at getRootForUpdatedFiber (http://localhost:3100/node_modules/.vite/deps/chunk-C22KKSJL.js?v=f61fe82f:3258:128)
    at enqueueConcurrentRenderForLane (http://localhost:3100/node_modules/.vite/deps/chunk-C22KKSJL.js?v=f61fe82f:3246:16)
    at forceStoreRerender (http://localhost:3100/node_modules/.vite/deps/chunk-C22KKSJL.js?v=f61fe82f:5836:21)
    at updateStoreInstance (http://localhost:3100/node_modules/.vite/deps/chunk-C22KKSJL.js?v=f61fe82f:5818:41)
    at Object.react_stack_bottom_frame (http://localhost:3100/node_modules/.vite/deps/chunk-C22KKSJL.js?v=f61fe82f:18299:20)
    at runWithFiberInDEV (http://localhost:3100/node_modules/.vite/deps/chunk-C22KKSJL.js?v=f61fe82f:729:72)
    at commitHookEffectListMount (http://localhost:3100/node_modules/.vite/deps/chunk-C22KKSJL.js?v=f61fe82f:9143:163)
    at commitHookPassiveMountEffects (http://localhost:3100/node_modules/.vite/deps/chunk-C22KKSJL.js?v=f61fe82f:9197:60)
    at commitPassiveMountOnFiber (http://localhost:3100/node_modules/.vite/deps/chunk-C22KKSJL.js?v=f61fe82f:10772:29)
    at recursivelyTraversePassiveMountEffects (http://localhost:3100/node_modules/.vite/deps/chunk-C22KKSJL.js?v=f61fe82f:10742:13) 
    at CommandLogPanel (http://localhost:3100/src/components/CommandLogPanel.tsx:288:3)
    at div (<anonymous>)
    at TaskGroupsBootstrap (http://localhost:3100/src/hooks/task-groups-bootstrap.tsx:34:39)
    at SceneErrorBoundary (http://localhost:3100/src/App.tsx?t=1774484362557:20:1)
    at ActionDispatcherProvider (http://localhost:3100/src/components/ActionDispatcherProvider.tsx:23:3)
    at App (http://localhost:3100/src/App.tsx?t=1774484362557:95:24) @ http://localhost:3100/src/App.tsx?t=1774484362557:25
[  117904ms] [WARNING] WebSocket connection to 'ws://localhost:8080/' failed: WebSocket is closed before the connection is established. @ http://localhost:3100/src/hooks/use-orchestrator-ws.ts:181
[  120216ms] [ERROR] Failed to load resource: net::ERR_CONNECTION_REFUSED @ http://localhost:8081/api/topology/links:0
