[     347ms] [ERROR] The result of getSnapshot should be cached to avoid an infinite loop @ http://localhost:3100/node_modules/.vite/deps/chunk-C22KKSJL.js?v=77ab4b67:5733
[    1259ms] Error: Maximum update depth exceeded. This can happen when a component repeatedly calls setState inside componentWillUpdate or componentDidUpdate. React limits the number of nested updates to prevent infinite loops.
    at getRootForUpdatedFiber (http://localhost:3100/node_modules/.vite/deps/chunk-C22KKSJL.js?v=77ab4b67:3258:128)
    at enqueueConcurrentRenderForLane (http://localhost:3100/node_modules/.vite/deps/chunk-C22KKSJL.js?v=77ab4b67:3246:16)
    at forceStoreRerender (http://localhost:3100/node_modules/.vite/deps/chunk-C22KKSJL.js?v=77ab4b67:5836:21)
    at updateStoreInstance (http://localhost:3100/node_modules/.vite/deps/chunk-C22KKSJL.js?v=77ab4b67:5818:41)
    at Object.react_stack_bottom_frame (http://localhost:3100/node_modules/.vite/deps/chunk-C22KKSJL.js?v=77ab4b67:18299:20)
    at runWithFiberInDEV (http://localhost:3100/node_modules/.vite/deps/chunk-C22KKSJL.js?v=77ab4b67:729:72)
    at commitHookEffectListMount (http://localhost:3100/node_modules/.vite/deps/chunk-C22KKSJL.js?v=77ab4b67:9143:163)
    at commitHookPassiveMountEffects (http://localhost:3100/node_modules/.vite/deps/chunk-C22KKSJL.js?v=77ab4b67:9197:60)
    at commitPassiveMountOnFiber (http://localhost:3100/node_modules/.vite/deps/chunk-C22KKSJL.js?v=77ab4b67:10772:29)
    at recursivelyTraversePassiveMountEffects (http://localhost:3100/node_modules/.vite/deps/chunk-C22KKSJL.js?v=77ab4b67:10742:13)
[     422ms] [WARNING] %s

%s
 An error occurred in the <CommandLogPanel> component. Consider adding an error boundary to your tree to customize error handling behavior.
Visit https://react.dev/link/error-boundaries to learn more about error boundaries. @ http://localhost:3100/node_modules/.vite/deps/chunk-C22KKSJL.js?v=77ab4b67:6697
[     422ms] [WARNING] WebSocket connection to 'ws://localhost:8080/' failed: WebSocket is closed before the connection is established. @ http://localhost:3100/src/hooks/use-orchestrator-ws.ts:181
[     442ms] [WARNING] [procedural-layout] "ops-control" overlaps with "corridor-main" on floor 1 — rooms may visually intersect @ http://localhost:3100/src/hooks/use-room-loader.ts:18
[     442ms] [WARNING] [validateDistinctCells] "corridor-main" and "ops-control" share space on floor 1 @ http://localhost:3100/src/hooks/use-room-loader.ts:27
[    2710ms] [ERROR] Failed to load resource: net::ERR_CONNECTION_REFUSED @ http://localhost:8081/api/topology/links:0
[   30719ms] [ERROR] WebSocket connection to 'ws://localhost:3100/' failed: Error during WebSocket handshake: net::ERR_CONNECTION_RESET @ http://localhost:3100/@vite/client:1034
[   35959ms] [ERROR] The result of getSnapshot should be cached to avoid an infinite loop @ http://localhost:3100/node_modules/.vite/deps/chunk-C22KKSJL.js?v=f61fe82f:5733
[   36031ms] Error: Maximum update depth exceeded. This can happen when a component repeatedly calls setState inside componentWillUpdate or componentDidUpdate. React limits the number of nested updates to prevent infinite loops.
    at getRootForUpdatedFiber (http://localhost:3100/node_modules/.vite/deps/chunk-C22KKSJL.js?v=f61fe82f:3258:128)
    at enqueueConcurrentRenderForLane (http://localhost:3100/node_modules/.vite/deps/chunk-C22KKSJL.js?v=f61fe82f:3246:16)
    at forceStoreRerender (http://localhost:3100/node_modules/.vite/deps/chunk-C22KKSJL.js?v=f61fe82f:5836:21)
    at updateStoreInstance (http://localhost:3100/node_modules/.vite/deps/chunk-C22KKSJL.js?v=f61fe82f:5818:41)
    at Object.react_stack_bottom_frame (http://localhost:3100/node_modules/.vite/deps/chunk-C22KKSJL.js?v=f61fe82f:18299:20)
    at runWithFiberInDEV (http://localhost:3100/node_modules/.vite/deps/chunk-C22KKSJL.js?v=f61fe82f:729:72)
    at commitHookEffectListMount (http://localhost:3100/node_modules/.vite/deps/chunk-C22KKSJL.js?v=f61fe82f:9143:163)
    at commitHookPassiveMountEffects (http://localhost:3100/node_modules/.vite/deps/chunk-C22KKSJL.js?v=f61fe82f:9197:60)
    at commitPassiveMountOnFiber (http://localhost:3100/node_modules/.vite/deps/chunk-C22KKSJL.js?v=f61fe82f:10772:29)
    at recursivelyTraversePassiveMountEffects (http://localhost:3100/node_modules/.vite/deps/chunk-C22KKSJL.js?v=f61fe82f:10742:13)
[   36030ms] [WARNING] %s

%s
 An error occurred in the <CommandLogPanel> component. Consider adding an error boundary to your tree to customize error handling behavior.
Visit https://react.dev/link/error-boundaries to learn more about error boundaries. @ http://localhost:3100/node_modules/.vite/deps/chunk-C22KKSJL.js?v=f61fe82f:6697
[   36030ms] [WARNING] WebSocket connection to 'ws://localhost:8080/' failed: WebSocket is closed before the connection is established. @ http://localhost:3100/src/hooks/use-orchestrator-ws.ts:181
[   36057ms] [WARNING] [procedural-layout] "ops-control" overlaps with "corridor-main" on floor 1 — rooms may visually intersect @ http://localhost:3100/src/hooks/use-room-loader.ts:18
[   36057ms] [WARNING] [validateDistinctCells] "corridor-main" and "ops-control" share space on floor 1 @ http://localhost:3100/src/hooks/use-room-loader.ts:27
[   38307ms] [ERROR] Failed to load resource: net::ERR_CONNECTION_REFUSED @ http://localhost:8081/api/topology/links:0
